CRF++: Yet Another CRF Tool Kit
Copyright (C) 2005-2013 Taku Kudo, All rights reserved.

reading training data: 100.. 200.. 300.. 400.. 500.. 600.. 700.. 800.. 900.. 1000.. 
Done!0.23 s

Number of sentences: 1000
Number of features:  292290
Number of thread(s): 8
Freq:                1
eta:                 0.00010
C:                   1.00000
shrinking size:      20
iter=0 terr=0.99875 serr=1.00000 act=292290 obj=60430.14024 diff=1.00000
iter=1 terr=0.26825 serr=0.99100 act=292290 obj=57054.17488 diff=0.05587
iter=2 terr=0.26821 serr=0.99100 act=292290 obj=46948.17963 diff=0.17713
iter=3 terr=0.25212 serr=0.98900 act=292290 obj=31782.71644 diff=0.32303
iter=4 terr=0.22958 serr=0.97600 act=292290 obj=22331.04006 diff=0.29738
iter=5 terr=0.18037 serr=0.94500 act=292290 obj=17953.99891 diff=0.19601
iter=6 terr=0.15774 serr=0.92000 act=292290 obj=15880.41910 diff=0.11549
iter=7 terr=0.13632 serr=0.93600 act=292290 obj=13315.71212 diff=0.16150
iter=8 terr=0.10746 serr=0.83700 act=292290 obj=11788.27098 diff=0.11471
iter=9 terr=0.09644 serr=0.79900 act=292290 obj=11233.08217 diff=0.04710
iter=10 terr=0.07542 serr=0.72900 act=292290 obj=9943.75433 diff=0.11478
iter=11 terr=0.06507 serr=0.68700 act=292290 obj=9336.95016 diff=0.06102
iter=12 terr=0.05131 serr=0.63200 act=292290 obj=9024.72740 diff=0.03344
iter=13 terr=0.04571 serr=0.56900 act=292290 obj=8501.92198 diff=0.05793
iter=14 terr=0.04526 serr=0.57000 act=292290 obj=8365.59763 diff=0.01603
iter=15 terr=0.03746 serr=0.50600 act=292290 obj=8075.50800 diff=0.03468
iter=16 terr=0.03415 serr=0.50800 act=292290 obj=8015.96963 diff=0.00737
iter=17 terr=0.03025 serr=0.44800 act=292290 obj=7779.20768 diff=0.02954
iter=18 terr=0.02926 serr=0.43600 act=292290 obj=7730.85521 diff=0.00622
iter=19 terr=0.02684 serr=0.40500 act=292290 obj=7672.29987 diff=0.00757
iter=20 terr=0.02433 serr=0.37300 act=292290 obj=7598.93916 diff=0.00956
iter=21 terr=0.01748 serr=0.28600 act=292290 obj=7652.88618 diff=0.00710
iter=22 terr=0.02066 serr=0.32700 act=292290 obj=7564.41262 diff=0.01156
iter=23 terr=0.01999 serr=0.32200 act=292290 obj=7529.87068 diff=0.00457
iter=24 terr=0.01967 serr=0.32200 act=292290 obj=7507.74814 diff=0.00294
iter=25 terr=0.01896 serr=0.31000 act=292290 obj=7485.32122 diff=0.00299
iter=26 terr=0.01739 serr=0.29100 act=292290 obj=7469.26595 diff=0.00214
iter=27 terr=0.01734 serr=0.29400 act=292290 obj=7454.64511 diff=0.00196
iter=28 terr=0.01712 serr=0.28900 act=292290 obj=7451.57172 diff=0.00041
iter=29 terr=0.01707 serr=0.28800 act=292290 obj=7448.75380 diff=0.00038
iter=30 terr=0.01703 serr=0.28700 act=292290 obj=7444.22311 diff=0.00061
iter=31 terr=0.01748 serr=0.29800 act=292290 obj=7442.23215 diff=0.00027
iter=32 terr=0.01694 serr=0.28900 act=292290 obj=7440.74734 diff=0.00020
iter=33 terr=0.01676 serr=0.28500 act=292290 obj=7440.15077 diff=0.00008
iter=34 terr=0.01645 serr=0.28000 act=292290 obj=7439.20749 diff=0.00013
iter=35 terr=0.01663 serr=0.28500 act=292290 obj=7438.78234 diff=0.00006
iter=36 terr=0.01636 serr=0.27900 act=292290 obj=7438.17552 diff=0.00008
iter=37 terr=0.01649 serr=0.28100 act=292290 obj=7437.88420 diff=0.00004

Done!32.29 s


 Finished training for ./t1/train1.nopipe.col!
CRF++: Yet Another CRF Tool Kit
Copyright (C) 2005-2013 Taku Kudo, All rights reserved.

reading training data: 100.. 200.. 300.. 400.. 500.. 600.. 700.. 800.. 900.. 1000.. 1100.. 1200.. 1300.. 1400.. 1500.. 1600.. 1700.. 1800.. 1900.. 2000.. 
Done!0.50 s

Number of sentences: 2000
Number of features:  433275
Number of thread(s): 8
Freq:                1
eta:                 0.00010
C:                   1.00000
shrinking size:      20
iter=0 terr=0.99847 serr=1.00000 act=433275 obj=118238.88788 diff=1.00000
iter=1 terr=0.27401 serr=0.98850 act=433275 obj=111625.00841 diff=0.05594
iter=2 terr=0.27399 serr=0.98850 act=433275 obj=92048.63818 diff=0.17538
iter=3 terr=0.25853 serr=0.98500 act=433275 obj=63637.85117 diff=0.30865
iter=4 terr=0.23840 serr=0.97700 act=433275 obj=44716.55190 diff=0.29733
iter=5 terr=0.19115 serr=0.94750 act=433275 obj=36055.13988 diff=0.19370
iter=6 terr=0.16829 serr=0.92150 act=433275 obj=31968.48851 diff=0.11334
iter=7 terr=0.14083 serr=0.90950 act=433275 obj=25657.30287 diff=0.19742
iter=8 terr=0.11710 serr=0.85450 act=433275 obj=22963.07534 diff=0.10501
iter=9 terr=0.09990 serr=0.79700 act=433275 obj=20927.61667 diff=0.08864
iter=10 terr=0.09148 serr=0.77350 act=433275 obj=19669.43504 diff=0.06012
iter=11 terr=0.08236 serr=0.76400 act=433275 obj=17917.28527 diff=0.08908
iter=12 terr=0.06873 serr=0.68600 act=433275 obj=16703.84636 diff=0.06772
iter=13 terr=0.06404 serr=0.66400 act=433275 obj=15708.43564 diff=0.05959
iter=14 terr=0.05694 serr=0.62900 act=433275 obj=15194.75742 diff=0.03270
iter=15 terr=0.04757 serr=0.57900 act=433275 obj=14230.61270 diff=0.06345
iter=16 terr=0.03724 serr=0.49550 act=433275 obj=13737.50225 diff=0.03465
iter=17 terr=0.03754 serr=0.49250 act=433275 obj=13358.75806 diff=0.02757
iter=18 terr=0.03717 serr=0.48900 act=433275 obj=13107.23337 diff=0.01883
iter=19 terr=0.03362 serr=0.46900 act=433275 obj=12799.96315 diff=0.02344
iter=20 terr=0.03603 serr=0.51200 act=433275 obj=13245.10011 diff=0.03478
iter=21 terr=0.03140 serr=0.43800 act=433275 obj=12693.08701 diff=0.04168
iter=22 terr=0.02684 serr=0.39300 act=433275 obj=12556.05988 diff=0.01080
iter=23 terr=0.02359 serr=0.35850 act=433275 obj=12403.54364 diff=0.01215
iter=24 terr=0.02144 serr=0.34000 act=433275 obj=12317.49815 diff=0.00694
iter=25 terr=0.02086 serr=0.32900 act=433275 obj=12190.49223 diff=0.01031
iter=26 terr=0.02123 serr=0.33250 act=433275 obj=12157.45270 diff=0.00271
iter=27 terr=0.02132 serr=0.33600 act=433275 obj=12091.80048 diff=0.00540
iter=28 terr=0.01869 serr=0.30050 act=433275 obj=12074.41664 diff=0.00144
iter=29 terr=0.01910 serr=0.30650 act=433275 obj=12012.71946 diff=0.00511
iter=30 terr=0.01857 serr=0.29900 act=433275 obj=12001.10104 diff=0.00097
iter=31 terr=0.01786 serr=0.29150 act=433275 obj=11981.17323 diff=0.00166
iter=32 terr=0.01695 serr=0.27900 act=433275 obj=11966.59080 diff=0.00122
iter=33 terr=0.01651 serr=0.27350 act=433275 obj=11950.82693 diff=0.00132
iter=34 terr=0.01651 serr=0.27400 act=433275 obj=11943.10483 diff=0.00065
iter=35 terr=0.01688 serr=0.28000 act=433275 obj=11935.06582 diff=0.00067
iter=36 terr=0.01610 serr=0.26800 act=433275 obj=11940.87783 diff=0.00049
iter=37 terr=0.01642 serr=0.27200 act=433275 obj=11930.85590 diff=0.00084
iter=38 terr=0.01649 serr=0.27500 act=433275 obj=11925.75356 diff=0.00043
iter=39 terr=0.01654 serr=0.27500 act=433275 obj=11920.34925 diff=0.00045
iter=40 terr=0.01658 serr=0.27550 act=433275 obj=11917.20789 diff=0.00026
iter=41 terr=0.01628 serr=0.27100 act=433275 obj=11913.85681 diff=0.00028
iter=42 terr=0.01631 serr=0.27200 act=433275 obj=11912.71198 diff=0.00010
iter=43 terr=0.01626 serr=0.27100 act=433275 obj=11910.93861 diff=0.00015
iter=44 terr=0.01626 serr=0.27050 act=433275 obj=11910.07070 diff=0.00007
iter=45 terr=0.01626 serr=0.27200 act=433275 obj=11908.84157 diff=0.00010
iter=46 terr=0.01633 serr=0.27200 act=433275 obj=11908.82647 diff=0.00000
iter=47 terr=0.01622 serr=0.27050 act=433275 obj=11908.22355 diff=0.00005
iter=48 terr=0.01617 serr=0.26950 act=433275 obj=11907.38186 diff=0.00007

Done!85.58 s


 Finished training for ./t2/train2.nopipe.col!
CRF++: Yet Another CRF Tool Kit
Copyright (C) 2005-2013 Taku Kudo, All rights reserved.

reading training data: 100.. 200.. 300.. 400.. 500.. 600.. 700.. 800.. 900.. 1000.. 1100.. 1200.. 1300.. 1400.. 1500.. 1600.. 1700.. 1800.. 1900.. 2000.. 2100.. 2200.. 2300.. 2400.. 2500.. 2600.. 2700.. 2800.. 2900.. 3000.. 
Done!0.72 s

Number of sentences: 3000
Number of features:  552480
Number of thread(s): 8
Freq:                1
eta:                 0.00010
C:                   1.00000
shrinking size:      20
iter=0 terr=0.99869 serr=1.00000 act=552480 obj=177569.55974 diff=1.00000
iter=1 terr=0.27662 serr=0.98800 act=552480 obj=167665.86709 diff=0.05577
iter=2 terr=0.27662 serr=0.98800 act=552480 obj=138316.03741 diff=0.17505
iter=3 terr=0.25989 serr=0.98367 act=552480 obj=95681.83932 diff=0.30824
iter=4 terr=0.23870 serr=0.97933 act=552480 obj=67300.12474 diff=0.29663
iter=5 terr=0.19208 serr=0.94833 act=552480 obj=54147.85415 diff=0.19543
iter=6 terr=0.16914 serr=0.92400 act=552480 obj=47744.55892 diff=0.11826
iter=7 terr=0.13678 serr=0.89233 act=552480 obj=38017.83726 diff=0.20372
iter=8 terr=0.12493 serr=0.90600 act=552480 obj=33091.91624 diff=0.12957
iter=9 terr=0.10020 serr=0.79633 act=552480 obj=29333.07549 diff=0.11359
iter=10 terr=0.09635 serr=0.78333 act=552480 obj=28468.31071 diff=0.02948
iter=11 terr=0.08144 serr=0.73333 act=552480 obj=25671.23239 diff=0.09825
iter=12 terr=0.07087 serr=0.70833 act=552480 obj=24420.75724 diff=0.04871
iter=13 terr=0.06485 serr=0.66467 act=552480 obj=22665.41862 diff=0.07188
iter=14 terr=0.05896 serr=0.62733 act=552480 obj=21566.79460 diff=0.04847
iter=15 terr=0.05612 serr=0.60933 act=552480 obj=20985.81126 diff=0.02694
iter=16 terr=0.05364 serr=0.60367 act=552480 obj=20210.95793 diff=0.03692
iter=17 terr=0.04484 serr=0.54033 act=552480 obj=19214.66304 diff=0.04929
iter=18 terr=0.04340 serr=0.53033 act=552480 obj=18711.97144 diff=0.02616
iter=19 terr=0.03797 serr=0.49067 act=552480 obj=17954.15737 diff=0.04050
iter=20 terr=0.03602 serr=0.47900 act=552480 obj=17458.03181 diff=0.02763
iter=21 terr=0.03111 serr=0.43333 act=552480 obj=17268.19769 diff=0.01087
iter=22 terr=0.03087 serr=0.43000 act=552480 obj=17006.20471 diff=0.01517
iter=23 terr=0.03004 serr=0.42100 act=552480 obj=16911.12478 diff=0.00559
iter=24 terr=0.02690 serr=0.38967 act=552480 obj=16677.78144 diff=0.01380
iter=25 terr=0.02442 serr=0.36900 act=552480 obj=16503.74103 diff=0.01044
iter=26 terr=0.02246 serr=0.34533 act=552480 obj=16343.86951 diff=0.00969
iter=27 terr=0.02146 serr=0.33200 act=552480 obj=16250.53102 diff=0.00571
iter=28 terr=0.02118 serr=0.33300 act=552480 obj=16156.30810 diff=0.00580
iter=29 terr=0.01865 serr=0.29900 act=552480 obj=16219.44210 diff=0.00391
iter=30 terr=0.01967 serr=0.31567 act=552480 obj=16105.48430 diff=0.00703
iter=31 terr=0.01958 serr=0.31200 act=552480 obj=16056.89007 diff=0.00302
iter=32 terr=0.01958 serr=0.31067 act=552480 obj=16001.84573 diff=0.00343
iter=33 terr=0.01917 serr=0.30700 act=552480 obj=15954.93597 diff=0.00293
iter=34 terr=0.01851 serr=0.30100 act=552480 obj=15919.92931 diff=0.00219
iter=35 terr=0.01764 serr=0.28733 act=552480 obj=15888.64081 diff=0.00197
iter=36 terr=0.01714 serr=0.28133 act=552480 obj=15873.22386 diff=0.00097
iter=37 terr=0.01623 serr=0.26967 act=552480 obj=15855.56153 diff=0.00111
iter=38 terr=0.01575 serr=0.26433 act=552480 obj=15845.74359 diff=0.00062
iter=39 terr=0.01598 serr=0.26700 act=552480 obj=15832.19215 diff=0.00086
iter=40 terr=0.01620 serr=0.26833 act=552480 obj=15824.81942 diff=0.00047
iter=41 terr=0.01627 serr=0.26900 act=552480 obj=15820.81088 diff=0.00025
iter=42 terr=0.01635 serr=0.26900 act=552480 obj=15810.95134 diff=0.00062
iter=43 terr=0.01649 serr=0.27267 act=552480 obj=15815.99643 diff=0.00032
iter=44 terr=0.01638 serr=0.27067 act=552480 obj=15806.69443 diff=0.00059
iter=45 terr=0.01635 serr=0.27000 act=552480 obj=15802.21196 diff=0.00028
iter=46 terr=0.01623 serr=0.26900 act=552480 obj=15798.34808 diff=0.00024
iter=47 terr=0.01627 serr=0.27033 act=552480 obj=15795.41656 diff=0.00019
iter=48 terr=0.01612 serr=0.26900 act=552480 obj=15793.78108 diff=0.00010
iter=49 terr=0.01627 serr=0.27100 act=552480 obj=15790.33081 diff=0.00022
iter=50 terr=0.01629 serr=0.27067 act=552480 obj=15789.60400 diff=0.00005
iter=51 terr=0.01635 serr=0.27133 act=552480 obj=15788.57644 diff=0.00007
iter=52 terr=0.01635 serr=0.27133 act=552480 obj=15786.61656 diff=0.00012
iter=53 terr=0.01633 serr=0.27233 act=552480 obj=15786.14121 diff=0.00003
iter=54 terr=0.01624 serr=0.26967 act=552480 obj=15784.98460 diff=0.00007
iter=55 terr=0.01623 serr=0.26900 act=552480 obj=15783.93071 diff=0.00007

Done!145.85 s


 Finished training for ./t3/train3.nopipe.col!
CRF++: Yet Another CRF Tool Kit
Copyright (C) 2005-2013 Taku Kudo, All rights reserved.

reading training data: 100.. 200.. 300.. 400.. 500.. 600.. 700.. 800.. 900.. 1000.. 1100.. 1200.. 1300.. 1400.. 1500.. 1600.. 1700.. 1800.. 1900.. 2000.. 2100.. 2200.. 2300.. 2400.. 2500.. 2600.. 2700.. 2800.. 2900.. 3000.. 3100.. 3200.. 3300.. 3400.. 3500.. 3600.. 3700.. 3800.. 3900.. 4000.. 
Done!1.03 s

Number of sentences: 4000
Number of features:  659055
Number of thread(s): 8
Freq:                1
eta:                 0.00010
C:                   1.00000
shrinking size:      20
iter=0 terr=0.99879 serr=1.00000 act=659055 obj=236439.86306 diff=1.00000
iter=1 terr=0.27784 serr=0.98850 act=659055 obj=223233.37410 diff=0.05586
iter=2 terr=0.27783 serr=0.98850 act=659055 obj=184153.19131 diff=0.17506
iter=3 terr=0.26150 serr=0.98400 act=659055 obj=127575.58199 diff=0.30723
iter=4 terr=0.24092 serr=0.98175 act=659055 obj=89763.61910 diff=0.29639
iter=5 terr=0.19329 serr=0.95175 act=659055 obj=72238.86636 diff=0.19523
iter=6 terr=0.17077 serr=0.92850 act=659055 obj=63605.24576 diff=0.11951
iter=7 terr=0.13762 serr=0.89575 act=659055 obj=50158.32347 diff=0.21141
iter=8 terr=0.10988 serr=0.82950 act=659055 obj=40353.50212 diff=0.19548
iter=9 terr=0.09992 serr=0.80450 act=659055 obj=37592.20092 diff=0.06843
iter=10 terr=0.08847 serr=0.75075 act=659055 obj=35271.22330 diff=0.06174
iter=11 terr=0.08185 serr=0.73225 act=659055 obj=33696.70094 diff=0.04464
iter=12 terr=0.07050 serr=0.68725 act=659055 obj=30750.67984 diff=0.08743
iter=13 terr=0.06352 serr=0.66350 act=659055 obj=29058.40226 diff=0.05503
iter=14 terr=0.05950 serr=0.62925 act=659055 obj=27703.93994 diff=0.04661
iter=15 terr=0.05661 serr=0.61300 act=659055 obj=26502.25509 diff=0.04338
iter=16 terr=0.05393 serr=0.60700 act=659055 obj=25260.22402 diff=0.04687
iter=17 terr=0.05064 serr=0.60425 act=659055 obj=25265.53469 diff=0.00021
iter=18 terr=0.04869 serr=0.56750 act=659055 obj=24660.20681 diff=0.02396
iter=19 terr=0.04532 serr=0.54425 act=659055 obj=24025.59653 diff=0.02573
iter=20 terr=0.04064 serr=0.50800 act=659055 obj=23230.15882 diff=0.03311
iter=21 terr=0.03610 serr=0.47175 act=659055 obj=22542.75434 diff=0.02959
iter=22 terr=0.03372 serr=0.45125 act=659055 obj=21892.50571 diff=0.02885
iter=23 terr=0.02957 serr=0.41375 act=659055 obj=21291.64766 diff=0.02745
iter=24 terr=0.02852 serr=0.40675 act=659055 obj=20959.49320 diff=0.01560
iter=25 terr=0.03187 serr=0.44900 act=659055 obj=20903.41244 diff=0.00268
iter=26 terr=0.02874 serr=0.40800 act=659055 obj=20500.34733 diff=0.01928
iter=27 terr=0.02793 serr=0.39875 act=659055 obj=20417.12779 diff=0.00406
iter=28 terr=0.02638 serr=0.38375 act=659055 obj=20178.04038 diff=0.01171
iter=29 terr=0.02519 serr=0.37025 act=659055 obj=19962.31763 diff=0.01069
iter=30 terr=0.02395 serr=0.36050 act=659055 obj=19883.64171 diff=0.00394
iter=31 terr=0.02370 serr=0.35800 act=659055 obj=19698.24625 diff=0.00932
iter=32 terr=0.02375 serr=0.35700 act=659055 obj=19648.50518 diff=0.00253
iter=33 terr=0.02386 serr=0.35675 act=659055 obj=19593.11222 diff=0.00282
iter=34 terr=0.02191 serr=0.33525 act=659055 obj=19545.51819 diff=0.00243
iter=35 terr=0.02189 serr=0.33550 act=659055 obj=19498.61785 diff=0.00240
iter=36 terr=0.02117 serr=0.32800 act=659055 obj=19453.04931 diff=0.00234
iter=37 terr=0.02074 serr=0.32300 act=659055 obj=19426.77716 diff=0.00135
iter=38 terr=0.01978 serr=0.31225 act=659055 obj=19353.42200 diff=0.00378
iter=39 terr=0.01849 serr=0.29650 act=659055 obj=19372.17314 diff=0.00097
iter=40 terr=0.01896 serr=0.30225 act=659055 obj=19325.69927 diff=0.00240
iter=41 terr=0.01855 serr=0.29725 act=659055 obj=19287.37232 diff=0.00198
iter=42 terr=0.01859 serr=0.29775 act=659055 obj=19260.31591 diff=0.00140
iter=43 terr=0.01766 serr=0.28650 act=659055 obj=19256.45251 diff=0.00020
iter=44 terr=0.01811 serr=0.29125 act=659055 obj=19234.17976 diff=0.00116
iter=45 terr=0.01823 serr=0.29400 act=659055 obj=19224.20488 diff=0.00052
iter=46 terr=0.01837 serr=0.29625 act=659055 obj=19213.26699 diff=0.00057
iter=47 terr=0.01807 serr=0.29075 act=659055 obj=19201.21919 diff=0.00063
iter=48 terr=0.01768 serr=0.28600 act=659055 obj=19195.41651 diff=0.00030
iter=49 terr=0.01762 serr=0.28450 act=659055 obj=19185.52574 diff=0.00052
iter=50 terr=0.01763 serr=0.28475 act=659055 obj=19182.39928 diff=0.00016
iter=51 terr=0.01717 serr=0.27925 act=659055 obj=19178.61916 diff=0.00020
iter=52 terr=0.01719 serr=0.27975 act=659055 obj=19176.00511 diff=0.00014
iter=53 terr=0.01704 serr=0.27750 act=659055 obj=19172.86542 diff=0.00016
iter=54 terr=0.01686 serr=0.27550 act=659055 obj=19170.34070 diff=0.00013
iter=55 terr=0.01671 serr=0.27400 act=659055 obj=19168.57851 diff=0.00009
iter=56 terr=0.01650 serr=0.27200 act=659055 obj=19164.72642 diff=0.00020
iter=57 terr=0.01622 serr=0.26675 act=659055 obj=19164.96672 diff=0.00001
iter=58 terr=0.01637 serr=0.26925 act=659055 obj=19162.66627 diff=0.00012
iter=59 terr=0.01632 serr=0.26925 act=659055 obj=19160.85660 diff=0.00009
iter=60 terr=0.01616 serr=0.26775 act=659055 obj=19159.87120 diff=0.00005
iter=61 terr=0.01621 serr=0.26850 act=659055 obj=19159.16634 diff=0.00004

Done!213.44 s


 Finished training for ./t4/train4.nopipe.col!
CRF++: Yet Another CRF Tool Kit
Copyright (C) 2005-2013 Taku Kudo, All rights reserved.

reading training data: 100.. 200.. 300.. 400.. 500.. 600.. 700.. 800.. 900.. 1000.. 1100.. 1200.. 1300.. 1400.. 1500.. 1600.. 1700.. 1800.. 1900.. 2000.. 2100.. 2200.. 2300.. 2400.. 2500.. 2600.. 2700.. 2800.. 2900.. 3000.. 3100.. 3200.. 3300.. 3400.. 3500.. 3600.. 3700.. 3800.. 3900.. 4000.. 4100.. 4200.. 4300.. 4400.. 4500.. 4600.. 4700.. 4800.. 4900.. 5000.. 
Done!1.26 s

Number of sentences: 5000
Number of features:  737850
Number of thread(s): 8
Freq:                1
eta:                 0.00010
C:                   1.00000
shrinking size:      20
iter=0 terr=0.99877 serr=1.00000 act=737850 obj=293685.33626 diff=1.00000
iter=1 terr=0.27841 serr=0.99020 act=737850 obj=277220.00114 diff=0.05606
iter=2 terr=0.27842 serr=0.99020 act=737850 obj=228570.25447 diff=0.17549
iter=3 terr=0.26180 serr=0.98560 act=737850 obj=158578.85739 diff=0.30621
iter=4 terr=0.24180 serr=0.98220 act=737850 obj=111519.93266 diff=0.29675
iter=5 terr=0.19405 serr=0.95240 act=737850 obj=89633.81212 diff=0.19625
iter=6 terr=0.17161 serr=0.92960 act=737850 obj=78935.09259 diff=0.11936
iter=7 terr=0.14121 serr=0.90340 act=737850 obj=62292.05877 diff=0.21084
iter=8 terr=0.11545 serr=0.84400 act=737850 obj=52844.98828 diff=0.15166
iter=9 terr=0.10729 serr=0.84040 act=737850 obj=48628.89308 diff=0.07978
iter=10 terr=0.09639 serr=0.78600 act=737850 obj=46109.81596 diff=0.05180
iter=11 terr=0.08970 serr=0.77000 act=737850 obj=42746.76312 diff=0.07294
iter=12 terr=0.08079 serr=0.73400 act=737850 obj=39800.97131 diff=0.06891
iter=13 terr=0.07585 serr=0.71260 act=737850 obj=37572.73286 diff=0.05598
iter=14 terr=0.06889 serr=0.68140 act=737850 obj=35624.12316 diff=0.05186
iter=15 terr=0.05897 serr=0.63300 act=737850 obj=32287.90250 diff=0.09365
iter=16 terr=0.05657 serr=0.63620 act=737850 obj=32361.35998 diff=0.00228
iter=17 terr=0.05375 serr=0.59720 act=737850 obj=31064.40119 diff=0.04008
iter=18 terr=0.05147 serr=0.58520 act=737850 obj=30409.68819 diff=0.02108
iter=19 terr=0.04553 serr=0.54500 act=737850 obj=29128.43839 diff=0.04213
iter=20 terr=0.04457 serr=0.54440 act=737850 obj=28455.84349 diff=0.02309
iter=21 terr=0.04246 serr=0.52440 act=737850 obj=27679.56369 diff=0.02728
iter=22 terr=0.03862 serr=0.48880 act=737850 obj=26787.87008 diff=0.03221
iter=23 terr=0.03720 serr=0.47660 act=737850 obj=26305.76624 diff=0.01800
iter=24 terr=0.03565 serr=0.48220 act=737850 obj=25869.44343 diff=0.01659
iter=25 terr=0.03341 serr=0.45080 act=737850 obj=25111.10424 diff=0.02931
iter=26 terr=0.03244 serr=0.44260 act=737850 obj=24842.82671 diff=0.01068
iter=27 terr=0.03000 serr=0.41900 act=737850 obj=24343.15429 diff=0.02011
iter=28 terr=0.02817 serr=0.40080 act=737850 obj=23886.38635 diff=0.01876
iter=29 terr=0.02255 serr=0.34840 act=737850 obj=24057.49169 diff=0.00716
iter=30 terr=0.02505 serr=0.37220 act=737850 obj=23625.07345 diff=0.01797
iter=31 terr=0.02392 serr=0.35960 act=737850 obj=23355.44392 diff=0.01141
iter=32 terr=0.02314 serr=0.35160 act=737850 obj=23229.83748 diff=0.00538
iter=33 terr=0.02241 serr=0.34240 act=737850 obj=22999.51298 diff=0.00992
iter=34 terr=0.01957 serr=0.30860 act=737850 obj=23034.15629 diff=0.00151
iter=35 terr=0.02050 serr=0.31860 act=737850 obj=22870.22660 diff=0.00712
iter=36 terr=0.02053 serr=0.31900 act=737850 obj=22759.44413 diff=0.00484
iter=37 terr=0.02062 serr=0.31900 act=737850 obj=22660.00382 diff=0.00437
iter=38 terr=0.02040 serr=0.31920 act=737850 obj=22635.75065 diff=0.00107
iter=39 terr=0.02009 serr=0.31440 act=737850 obj=22549.68186 diff=0.00380
iter=40 terr=0.01978 serr=0.31140 act=737850 obj=22524.86020 diff=0.00110
iter=41 terr=0.01945 serr=0.30740 act=737850 obj=22487.59655 diff=0.00165
iter=42 terr=0.01894 serr=0.30120 act=737850 obj=22416.47529 diff=0.00316
iter=43 terr=0.01828 serr=0.29520 act=737850 obj=22489.46664 diff=0.00326
iter=44 terr=0.01854 serr=0.29740 act=737850 obj=22382.33489 diff=0.00476
iter=45 terr=0.01834 serr=0.29480 act=737850 obj=22337.99114 diff=0.00198
iter=46 terr=0.01807 serr=0.29080 act=737850 obj=22312.94358 diff=0.00112
iter=47 terr=0.01793 serr=0.29000 act=737850 obj=22292.72539 diff=0.00091
iter=48 terr=0.01748 serr=0.28320 act=737850 obj=22270.53709 diff=0.00100
iter=49 terr=0.01741 serr=0.28280 act=737850 obj=22258.81307 diff=0.00053
iter=50 terr=0.01696 serr=0.27760 act=737850 obj=22241.78925 diff=0.00076
iter=51 terr=0.01657 serr=0.27140 act=737850 obj=22225.73874 diff=0.00072
iter=52 terr=0.01627 serr=0.26860 act=737850 obj=22220.52690 diff=0.00023
iter=53 terr=0.01624 serr=0.26840 act=737850 obj=22204.10137 diff=0.00074
iter=54 terr=0.01619 serr=0.26660 act=737850 obj=22200.10816 diff=0.00018
iter=55 terr=0.01625 serr=0.26860 act=737850 obj=22196.58188 diff=0.00016
iter=56 terr=0.01602 serr=0.26440 act=737850 obj=22192.59610 diff=0.00018
iter=57 terr=0.01601 serr=0.26500 act=737850 obj=22188.92484 diff=0.00017
iter=58 terr=0.01601 serr=0.26500 act=737850 obj=22184.89457 diff=0.00018
iter=59 terr=0.01609 serr=0.26640 act=737850 obj=22181.63341 diff=0.00015
iter=60 terr=0.01603 serr=0.26580 act=737850 obj=22176.11226 diff=0.00025
iter=61 terr=0.01606 serr=0.26600 act=737850 obj=22173.10862 diff=0.00014
iter=62 terr=0.01603 serr=0.26460 act=737850 obj=22170.96915 diff=0.00010
iter=63 terr=0.01608 serr=0.26500 act=737850 obj=22169.99083 diff=0.00004
iter=64 terr=0.01600 serr=0.26420 act=737850 obj=22168.72267 diff=0.00006

Done!274.79 s


 Finished training for ./t5/train5.nopipe.col!
CRF++: Yet Another CRF Tool Kit
Copyright (C) 2005-2013 Taku Kudo, All rights reserved.

reading training data: 100.. 200.. 300.. 400.. 500.. 600.. 700.. 800.. 900.. 1000.. 1100.. 1200.. 1300.. 1400.. 1500.. 1600.. 1700.. 1800.. 1900.. 2000.. 2100.. 2200.. 2300.. 2400.. 2500.. 2600.. 2700.. 2800.. 2900.. 3000.. 3100.. 3200.. 3300.. 3400.. 3500.. 3600.. 3700.. 3800.. 3900.. 4000.. 4100.. 4200.. 4300.. 4400.. 4500.. 4600.. 4700.. 4800.. 4900.. 5000.. 5100.. 5200.. 5300.. 5400.. 5500.. 5600.. 5700.. 5800.. 5900.. 6000.. 
Done!1.17 s

Number of sentences: 6000
Number of features:  818820
Number of thread(s): 8
Freq:                1
eta:                 0.00010
C:                   1.00000
shrinking size:      20
iter=0 terr=0.99871 serr=1.00000 act=818820 obj=353511.58130 diff=1.00000
iter=1 terr=0.27948 serr=0.99000 act=818820 obj=333733.12658 diff=0.05595
iter=2 terr=0.27946 serr=0.99000 act=818820 obj=275296.52068 diff=0.17510
iter=3 terr=0.26336 serr=0.98583 act=818820 obj=191223.64345 diff=0.30539
iter=4 terr=0.24302 serr=0.98283 act=818820 obj=135008.84909 diff=0.29397
iter=5 terr=0.19483 serr=0.95283 act=818820 obj=108516.52840 diff=0.19623
iter=6 terr=0.17287 serr=0.92817 act=818820 obj=95563.75240 diff=0.11936
iter=7 terr=0.15149 serr=0.92967 act=818820 obj=76882.46884 diff=0.19549
iter=8 terr=0.12925 serr=0.87833 act=818820 obj=68148.42989 diff=0.11360
iter=9 terr=0.11547 serr=0.83717 act=818820 obj=62561.16040 diff=0.08199
iter=10 terr=0.10116 serr=0.79850 act=818820 obj=56550.61359 diff=0.09607
iter=11 terr=0.09382 serr=0.78917 act=818820 obj=51778.57608 diff=0.08439
iter=12 terr=0.08218 serr=0.73567 act=818820 obj=47698.54679 diff=0.07880
iter=13 terr=0.07562 serr=0.70200 act=818820 obj=44488.73636 diff=0.06729
iter=14 terr=0.07053 serr=0.68467 act=818820 obj=42385.60193 diff=0.04727
iter=15 terr=0.06267 serr=0.65283 act=818820 obj=39317.22235 diff=0.07239
iter=16 terr=0.06023 serr=0.63783 act=818820 obj=37694.66822 diff=0.04127
iter=17 terr=0.05233 serr=0.58883 act=818820 obj=35444.22517 diff=0.05970
iter=18 terr=0.05205 serr=0.58817 act=818820 obj=34572.74328 diff=0.02459
iter=19 terr=0.04780 serr=0.55817 act=818820 obj=33067.02619 diff=0.04355
iter=20 terr=0.04861 serr=0.58383 act=818820 obj=33282.75945 diff=0.00652
iter=21 terr=0.04692 serr=0.55800 act=818820 obj=32385.06397 diff=0.02697
iter=22 terr=0.04507 serr=0.54233 act=818820 obj=31855.77104 diff=0.01634
iter=23 terr=0.03754 serr=0.47967 act=818820 obj=30486.17643 diff=0.04299
iter=24 terr=0.03499 serr=0.45983 act=818820 obj=29804.75715 diff=0.02235
iter=25 terr=0.03103 serr=0.42333 act=818820 obj=28876.86937 diff=0.03113
iter=26 terr=0.02942 serr=0.41467 act=818820 obj=28238.78997 diff=0.02210
iter=27 terr=0.02870 serr=0.40700 act=818820 obj=27839.59691 diff=0.01414
iter=28 terr=0.02812 serr=0.39900 act=818820 obj=27554.14120 diff=0.01025
iter=29 terr=0.02777 serr=0.40167 act=818820 obj=27371.22473 diff=0.00664
iter=30 terr=0.02606 serr=0.38133 act=818820 obj=27032.86846 diff=0.01236
iter=31 terr=0.02531 serr=0.37283 act=818820 obj=26887.07233 diff=0.00539
iter=32 terr=0.02368 serr=0.35467 act=818820 obj=26613.26034 diff=0.01018
iter=33 terr=0.02229 serr=0.33867 act=818820 obj=26353.85949 diff=0.00975
iter=34 terr=0.02169 serr=0.33900 act=818820 obj=26344.61143 diff=0.00035
iter=35 terr=0.02165 serr=0.33350 act=818820 obj=26163.28579 diff=0.00688
iter=36 terr=0.02048 serr=0.32133 act=818820 obj=25974.85602 diff=0.00720
iter=37 terr=0.01976 serr=0.31017 act=818820 obj=25884.30151 diff=0.00349
iter=38 terr=0.01976 serr=0.31383 act=818820 obj=25795.54231 diff=0.00343
iter=39 terr=0.01890 serr=0.30283 act=818820 obj=25718.08176 diff=0.00300
iter=40 terr=0.01880 serr=0.30133 act=818820 obj=25675.83201 diff=0.00164
iter=41 terr=0.01791 serr=0.28983 act=818820 obj=25574.40809 diff=0.00395
iter=42 terr=0.01744 serr=0.28450 act=818820 obj=25536.75557 diff=0.00147
iter=43 terr=0.01715 serr=0.28117 act=818820 obj=25488.02787 diff=0.00191
iter=44 terr=0.01702 serr=0.27983 act=818820 obj=25462.14533 diff=0.00102
iter=45 terr=0.01677 serr=0.27783 act=818820 obj=25432.09378 diff=0.00118
iter=46 terr=0.01646 serr=0.27300 act=818820 obj=25393.64409 diff=0.00151
iter=47 terr=0.01696 serr=0.27917 act=818820 obj=25407.52054 diff=0.00055
iter=48 terr=0.01639 serr=0.27083 act=818820 obj=25375.59554 diff=0.00126
iter=49 terr=0.01640 serr=0.27233 act=818820 obj=25358.86213 diff=0.00066
iter=50 terr=0.01639 serr=0.27317 act=818820 obj=25346.04627 diff=0.00051
iter=51 terr=0.01615 serr=0.27017 act=818820 obj=25343.99914 diff=0.00008
iter=52 terr=0.01630 serr=0.27217 act=818820 obj=25331.86661 diff=0.00048
iter=53 terr=0.01639 serr=0.27383 act=818820 obj=25327.53619 diff=0.00017
iter=54 terr=0.01646 serr=0.27550 act=818820 obj=25321.18320 diff=0.00025
iter=55 terr=0.01644 serr=0.27583 act=818820 obj=25311.21505 diff=0.00039
iter=56 terr=0.01641 serr=0.27350 act=818820 obj=25313.47842 diff=0.00009
iter=57 terr=0.01635 serr=0.27317 act=818820 obj=25306.38062 diff=0.00028
iter=58 terr=0.01634 serr=0.27300 act=818820 obj=25300.39820 diff=0.00024
iter=59 terr=0.01637 serr=0.27333 act=818820 obj=25297.26724 diff=0.00012
iter=60 terr=0.01633 serr=0.27317 act=818820 obj=25293.04360 diff=0.00017
iter=61 terr=0.01619 serr=0.27033 act=818820 obj=25290.34522 diff=0.00011
iter=62 terr=0.01629 serr=0.27217 act=818820 obj=25288.42508 diff=0.00008
iter=63 terr=0.01622 serr=0.27200 act=818820 obj=25287.04642 diff=0.00005
iter=64 terr=0.01626 serr=0.27317 act=818820 obj=25285.17063 diff=0.00007

Done!331.09 s


 Finished training for ./t6/train6.nopipe.col!
CRF++: Yet Another CRF Tool Kit
Copyright (C) 2005-2013 Taku Kudo, All rights reserved.

reading training data: 100.. 200.. 300.. 400.. 500.. 600.. 700.. 800.. 900.. 1000.. 1100.. 1200.. 1300.. 1400.. 1500.. 1600.. 1700.. 1800.. 1900.. 2000.. 2100.. 2200.. 2300.. 2400.. 2500.. 2600.. 2700.. 2800.. 2900.. 3000.. 3100.. 3200.. 3300.. 3400.. 3500.. 3600.. 3700.. 3800.. 3900.. 4000.. 4100.. 4200.. 4300.. 4400.. 4500.. 4600.. 4700.. 4800.. 4900.. 5000.. 5100.. 5200.. 5300.. 5400.. 5500.. 5600.. 5700.. 5800.. 5900.. 6000.. 6100.. 6200.. 6300.. 6400.. 6500.. 6600.. 6700.. 6800.. 6900.. 7000.. 
Done!1.73 s

Number of sentences: 7000
Number of features:  896295
Number of thread(s): 8
Freq:                1
eta:                 0.00010
C:                   1.00000
shrinking size:      20
iter=0 terr=0.99867 serr=1.00000 act=896295 obj=412666.22989 diff=1.00000
iter=1 terr=0.28030 serr=0.99043 act=896295 obj=389554.20772 diff=0.05601
iter=2 terr=0.28030 serr=0.99043 act=896295 obj=321298.74228 diff=0.17521
iter=3 terr=0.26401 serr=0.98657 act=896295 obj=223214.24594 diff=0.30528
iter=4 terr=0.24351 serr=0.98271 act=896295 obj=157831.16777 diff=0.29292
iter=5 terr=0.19541 serr=0.95157 act=896295 obj=126996.47544 diff=0.19537
iter=6 terr=0.17317 serr=0.92743 act=896295 obj=111807.35724 diff=0.11960
iter=7 terr=0.15557 serr=0.94057 act=896295 obj=91129.71177 diff=0.18494
iter=8 terr=0.13136 serr=0.87843 act=896295 obj=79087.40563 diff=0.13214
iter=9 terr=0.11995 serr=0.84543 act=896295 obj=74106.58787 diff=0.06298
iter=10 terr=0.10157 serr=0.79657 act=896295 obj=64804.86998 diff=0.12552
iter=11 terr=0.09011 serr=0.76486 act=896295 obj=58447.56628 diff=0.09810
iter=12 terr=0.08145 serr=0.74586 act=896295 obj=54200.17415 diff=0.07267
iter=13 terr=0.07413 serr=0.69557 act=896295 obj=50496.78011 diff=0.06833
iter=14 terr=0.07284 serr=0.69386 act=896295 obj=49164.93743 diff=0.02637
iter=15 terr=0.06600 serr=0.66514 act=896295 obj=46163.30643 diff=0.06105
iter=16 terr=0.06137 serr=0.65514 act=896295 obj=43572.64933 diff=0.05612
iter=17 terr=0.05573 serr=0.61086 act=896295 obj=41035.23668 diff=0.05823
iter=18 terr=0.05180 serr=0.58114 act=896295 obj=39151.00048 diff=0.04592
iter=19 terr=0.04813 serr=0.55800 act=896295 obj=37515.88693 diff=0.04176
iter=20 terr=0.04665 serr=0.54671 act=896295 obj=36461.68219 diff=0.02810
iter=21 terr=0.04462 serr=0.53186 act=896295 obj=35623.89888 diff=0.02298
iter=22 terr=0.04098 serr=0.50600 act=896295 obj=34435.39707 diff=0.03336
iter=23 terr=0.03676 serr=0.47529 act=896295 obj=33272.62622 diff=0.03377
iter=24 terr=0.03467 serr=0.46386 act=896295 obj=32715.14711 diff=0.01675
iter=25 terr=0.03188 serr=0.43371 act=896295 obj=31883.37216 diff=0.02542
iter=26 terr=0.03065 serr=0.42014 act=896295 obj=31479.25741 diff=0.01267
iter=27 terr=0.02883 serr=0.40300 act=896295 obj=31140.63254 diff=0.01076
iter=28 terr=0.02870 serr=0.40329 act=896295 obj=30858.43945 diff=0.00906
iter=29 terr=0.02843 serr=0.40114 act=896295 obj=30650.42982 diff=0.00674
iter=30 terr=0.02643 serr=0.38357 act=896295 obj=30191.41457 diff=0.01498
iter=31 terr=0.02509 serr=0.37186 act=896295 obj=29819.95797 diff=0.01230
iter=32 terr=0.02345 serr=0.35357 act=896295 obj=29540.68926 diff=0.00937
iter=33 terr=0.02290 serr=0.34529 act=896295 obj=29387.64484 diff=0.00518
iter=34 terr=0.02261 serr=0.34186 act=896295 obj=29195.57882 diff=0.00654
iter=35 terr=0.02166 serr=0.32929 act=896295 obj=29087.42715 diff=0.00370
iter=36 terr=0.02143 serr=0.32757 act=896295 obj=28987.37468 diff=0.00344
iter=37 terr=0.02028 serr=0.31886 act=896295 obj=28830.12017 diff=0.00542
iter=38 terr=0.01946 serr=0.30943 act=896295 obj=28748.16589 diff=0.00284
iter=39 terr=0.01800 serr=0.29114 act=896295 obj=28591.85663 diff=0.00544
iter=40 terr=0.01723 serr=0.28300 act=896295 obj=28730.84676 diff=0.00486
iter=41 terr=0.01763 serr=0.28671 act=896295 obj=28540.74333 diff=0.00662
iter=42 terr=0.01734 serr=0.28243 act=896295 obj=28488.08042 diff=0.00185
iter=43 terr=0.01749 serr=0.28371 act=896295 obj=28438.33669 diff=0.00175
iter=44 terr=0.01688 serr=0.27400 act=896295 obj=28428.24941 diff=0.00035
iter=45 terr=0.01708 serr=0.27643 act=896295 obj=28380.36057 diff=0.00168
iter=46 terr=0.01718 serr=0.27757 act=896295 obj=28356.45262 diff=0.00084
iter=47 terr=0.01721 serr=0.27886 act=896295 obj=28337.81116 diff=0.00066
iter=48 terr=0.01712 serr=0.27771 act=896295 obj=28311.66125 diff=0.00092
iter=49 terr=0.01688 serr=0.27400 act=896295 obj=28288.93655 diff=0.00080
iter=50 terr=0.01673 serr=0.27286 act=896295 obj=28260.27858 diff=0.00101
iter=51 terr=0.01675 serr=0.27357 act=896295 obj=28249.19961 diff=0.00039
iter=52 terr=0.01664 serr=0.27143 act=896295 obj=28235.19483 diff=0.00050
iter=53 terr=0.01690 serr=0.27543 act=896295 obj=28228.31289 diff=0.00024
iter=54 terr=0.01671 serr=0.27300 act=896295 obj=28217.15809 diff=0.00040
iter=55 terr=0.01667 serr=0.27300 act=896295 obj=28210.32985 diff=0.00024
iter=56 terr=0.01667 serr=0.27286 act=896295 obj=28204.81943 diff=0.00020
iter=57 terr=0.01668 serr=0.27186 act=896295 obj=28194.25822 diff=0.00037
iter=58 terr=0.01665 serr=0.27200 act=896295 obj=28188.32598 diff=0.00021
iter=59 terr=0.01666 serr=0.27186 act=896295 obj=28181.33754 diff=0.00025
iter=60 terr=0.01667 serr=0.27171 act=896295 obj=28177.72693 diff=0.00013
iter=61 terr=0.01669 serr=0.27157 act=896295 obj=28173.95754 diff=0.00013
iter=62 terr=0.01645 serr=0.26800 act=896295 obj=28172.08648 diff=0.00007
iter=63 terr=0.01656 serr=0.27000 act=896295 obj=28168.50927 diff=0.00013
iter=64 terr=0.01664 serr=0.27129 act=896295 obj=28167.24251 diff=0.00004
iter=65 terr=0.01654 serr=0.27014 act=896295 obj=28165.70146 diff=0.00005
iter=66 terr=0.01655 serr=0.27014 act=896295 obj=28162.14520 diff=0.00013
iter=67 terr=0.01622 serr=0.26557 act=896295 obj=28163.20121 diff=0.00004
iter=68 terr=0.01637 serr=0.26743 act=896295 obj=28160.46553 diff=0.00010
iter=69 terr=0.01631 serr=0.26629 act=896295 obj=28158.31465 diff=0.00008

Done!414.46 s


 Finished training for ./t7/train7.nopipe.col!
CRF++: Yet Another CRF Tool Kit
Copyright (C) 2005-2013 Taku Kudo, All rights reserved.

reading training data: 100.. 200.. 300.. 400.. 500.. 600.. 700.. 800.. 900.. 1000.. 1100.. 1200.. 1300.. 1400.. 1500.. 1600.. 1700.. 1800.. 1900.. 2000.. 2100.. 2200.. 2300.. 2400.. 2500.. 2600.. 2700.. 2800.. 2900.. 3000.. 3100.. 3200.. 3300.. 3400.. 3500.. 3600.. 3700.. 3800.. 3900.. 4000.. 4100.. 4200.. 4300.. 4400.. 4500.. 4600.. 4700.. 4800.. 4900.. 5000.. 5100.. 5200.. 5300.. 5400.. 5500.. 5600.. 5700.. 5800.. 5900.. 6000.. 6100.. 6200.. 6300.. 6400.. 6500.. 6600.. 6700.. 6800.. 6900.. 7000.. 7100.. 7200.. 7300.. 7400.. 7500.. 7600.. 7700.. 7800.. 7900.. 8000.. 
Done!1.77 s

Number of sentences: 8000
Number of features:  967875
Number of thread(s): 8
Freq:                1
eta:                 0.00010
C:                   1.00000
shrinking size:      20
iter=0 terr=0.99867 serr=1.00000 act=967875 obj=470721.41011 diff=1.00000
iter=1 terr=0.28121 serr=0.99062 act=967875 obj=444351.52068 diff=0.05602
iter=2 terr=0.28121 serr=0.99062 act=967875 obj=366537.91733 diff=0.17512
iter=3 terr=0.26465 serr=0.98700 act=967875 obj=254980.34998 diff=0.30435
iter=4 terr=0.24355 serr=0.98362 act=967875 obj=180001.62729 diff=0.29406
iter=5 terr=0.19560 serr=0.95012 act=967875 obj=144680.16493 diff=0.19623
iter=6 terr=0.17303 serr=0.92688 act=967875 obj=127224.05203 diff=0.12065
iter=7 terr=0.15669 serr=0.94237 act=967875 obj=104112.29813 diff=0.18166
iter=8 terr=0.13140 serr=0.87775 act=967875 obj=89955.44920 diff=0.13598
iter=9 terr=0.12046 serr=0.84688 act=967875 obj=84413.79529 diff=0.06160
iter=10 terr=0.10167 serr=0.79750 act=967875 obj=73422.12917 diff=0.13021
iter=11 terr=0.08930 serr=0.76313 act=967875 obj=65842.25198 diff=0.10324
iter=12 terr=0.08042 serr=0.73800 act=967875 obj=60705.16951 diff=0.07802
iter=13 terr=0.07437 serr=0.70050 act=967875 obj=56717.62918 diff=0.06569
iter=14 terr=0.07254 serr=0.69188 act=967875 obj=55196.98621 diff=0.02681
iter=15 terr=0.06293 serr=0.65575 act=967875 obj=50481.95164 diff=0.08542
iter=16 terr=0.06010 serr=0.63762 act=967875 obj=47338.89909 diff=0.06226
iter=17 terr=0.05437 serr=0.60237 act=967875 obj=44865.38489 diff=0.05225
iter=18 terr=0.04958 serr=0.56875 act=967875 obj=42725.74478 diff=0.04769
iter=19 terr=0.04746 serr=0.55475 act=967875 obj=41191.15516 diff=0.03592
iter=20 terr=0.04337 serr=0.52150 act=967875 obj=40751.81290 diff=0.01067
iter=21 terr=0.04384 serr=0.52538 act=967875 obj=39704.96573 diff=0.02569
iter=22 terr=0.04312 serr=0.52025 act=967875 obj=39185.83188 diff=0.01307
iter=23 terr=0.04124 serr=0.50850 act=967875 obj=38351.51017 diff=0.02129
iter=24 terr=0.03833 serr=0.48975 act=967875 obj=37384.50132 diff=0.02521
iter=25 terr=0.03426 serr=0.45437 act=967875 obj=36429.50204 diff=0.02555
iter=26 terr=0.03187 serr=0.43588 act=967875 obj=36086.37401 diff=0.00942
iter=27 terr=0.03042 serr=0.41950 act=967875 obj=35138.42723 diff=0.02627
iter=28 terr=0.02892 serr=0.40413 act=967875 obj=34735.76395 diff=0.01146
iter=29 terr=0.02767 serr=0.39387 act=967875 obj=34325.26552 diff=0.01182
iter=30 terr=0.02524 serr=0.37000 act=967875 obj=34125.48765 diff=0.00582
iter=31 terr=0.02543 serr=0.37238 act=967875 obj=33617.15978 diff=0.01490
iter=32 terr=0.02518 serr=0.37188 act=967875 obj=33418.59804 diff=0.00591
iter=33 terr=0.02433 serr=0.36238 act=967875 obj=33179.70374 diff=0.00715
iter=34 terr=0.02331 serr=0.35150 act=967875 obj=32823.93548 diff=0.01072
iter=35 terr=0.02161 serr=0.33125 act=967875 obj=32552.87569 diff=0.00826
iter=36 terr=0.02065 serr=0.32100 act=967875 obj=32189.76003 diff=0.01115
iter=37 terr=0.02031 serr=0.31650 act=967875 obj=31953.26665 diff=0.00735
iter=38 terr=0.01917 serr=0.30425 act=967875 obj=31769.53894 diff=0.00575
iter=39 terr=0.01894 serr=0.30275 act=967875 obj=31689.34600 diff=0.00252
iter=40 terr=0.01830 serr=0.29375 act=967875 obj=31572.40138 diff=0.00369
iter=41 terr=0.01785 serr=0.28763 act=967875 obj=31493.72571 diff=0.00249
iter=42 terr=0.01760 serr=0.28600 act=967875 obj=31415.32525 diff=0.00249
iter=43 terr=0.01687 serr=0.27850 act=967875 obj=31320.43770 diff=0.00302
iter=44 terr=0.01678 serr=0.27650 act=967875 obj=31249.51850 diff=0.00226
iter=45 terr=0.01687 serr=0.27687 act=967875 obj=31202.45909 diff=0.00151
iter=46 terr=0.01661 serr=0.27213 act=967875 obj=31141.03244 diff=0.00197
iter=47 terr=0.01718 serr=0.28075 act=967875 obj=31150.56085 diff=0.00031
iter=48 terr=0.01677 serr=0.27513 act=967875 obj=31114.90087 diff=0.00114
iter=49 terr=0.01657 serr=0.27263 act=967875 obj=31083.31505 diff=0.00102
iter=50 terr=0.01634 serr=0.26737 act=967875 obj=31028.50121 diff=0.00176
iter=51 terr=0.01608 serr=0.26400 act=967875 obj=31004.91558 diff=0.00076
iter=52 terr=0.01617 serr=0.26637 act=967875 obj=30972.11954 diff=0.00106
iter=53 terr=0.01619 serr=0.26700 act=967875 obj=30949.93732 diff=0.00072
iter=54 terr=0.01620 serr=0.26763 act=967875 obj=30933.89235 diff=0.00052
iter=55 terr=0.01609 serr=0.26538 act=967875 obj=30918.00094 diff=0.00051
iter=56 terr=0.01627 serr=0.26787 act=967875 obj=30910.55234 diff=0.00024
iter=57 terr=0.01624 serr=0.26775 act=967875 obj=30901.06514 diff=0.00031
iter=58 terr=0.01609 serr=0.26462 act=967875 obj=30889.28144 diff=0.00038
iter=59 terr=0.01608 serr=0.26488 act=967875 obj=30884.32349 diff=0.00016
iter=60 terr=0.01623 serr=0.26663 act=967875 obj=30869.96078 diff=0.00047
iter=61 terr=0.01616 serr=0.26500 act=967875 obj=30873.04040 diff=0.00010
iter=62 terr=0.01618 serr=0.26512 act=967875 obj=30863.45306 diff=0.00031
iter=63 terr=0.01623 serr=0.26613 act=967875 obj=30859.66217 diff=0.00012
iter=64 terr=0.01631 serr=0.26700 act=967875 obj=30854.71027 diff=0.00016
iter=65 terr=0.01640 serr=0.26813 act=967875 obj=30853.88924 diff=0.00003
iter=66 terr=0.01632 serr=0.26675 act=967875 obj=30849.28023 diff=0.00015
iter=67 terr=0.01621 serr=0.26550 act=967875 obj=30846.46843 diff=0.00009
iter=68 terr=0.01621 serr=0.26525 act=967875 obj=30844.62602 diff=0.00006
iter=69 terr=0.01615 serr=0.26475 act=967875 obj=30841.79132 diff=0.00009

Done!475.94 s


 Finished training for ./t8/train8.nopipe.col!
CRF++: Yet Another CRF Tool Kit
Copyright (C) 2005-2013 Taku Kudo, All rights reserved.

reading training data: 100.. 200.. 300.. 400.. 500.. 600.. 700.. 800.. 900.. 1000.. 1100.. 1200.. 1300.. 1400.. 1500.. 1600.. 1700.. 1800.. 1900.. 2000.. 2100.. 2200.. 2300.. 2400.. 2500.. 2600.. 2700.. 2800.. 2900.. 3000.. 3100.. 3200.. 3300.. 3400.. 3500.. 3600.. 3700.. 3800.. 3900.. 4000.. 4100.. 4200.. 4300.. 4400.. 4500.. 4600.. 4700.. 4800.. 4900.. 5000.. 5100.. 5200.. 5300.. 5400.. 5500.. 5600.. 5700.. 5800.. 5900.. 6000.. 6100.. 6200.. 6300.. 6400.. 6500.. 6600.. 6700.. 6800.. 6900.. 7000.. 7100.. 7200.. 7300.. 7400.. 7500.. 7600.. 7700.. 7800.. 7900.. 8000.. 8100.. 8200.. 8300.. 8400.. 8500.. 8600.. 8700.. 8800.. 8900.. 9000.. 
Done!1.87 s

Number of sentences: 9000
Number of features:  1035810
Number of thread(s): 8
Freq:                1
eta:                 0.00010
C:                   1.00000
shrinking size:      20
iter=0 terr=0.99872 serr=1.00000 act=1035810 obj=530455.58144 diff=1.00000
iter=1 terr=0.28114 serr=0.99100 act=1035810 obj=500726.28320 diff=0.05604
iter=2 terr=0.28116 serr=0.99100 act=1035810 obj=412869.27618 diff=0.17546
iter=3 terr=0.26479 serr=0.98744 act=1035810 obj=286468.68308 diff=0.30615
iter=4 terr=0.24361 serr=0.98322 act=1035810 obj=202488.62611 diff=0.29316
iter=5 terr=0.19504 serr=0.95011 act=1035810 obj=162572.95315 diff=0.19713
iter=6 terr=0.17262 serr=0.92822 act=1035810 obj=142780.90600 diff=0.12174
iter=7 terr=0.16023 serr=0.95111 act=1035810 obj=118259.55041 diff=0.17174
iter=8 terr=0.13188 serr=0.87956 act=1035810 obj=100551.27245 diff=0.14974
iter=9 terr=0.12133 serr=0.85000 act=1035810 obj=95095.23666 diff=0.05426
iter=10 terr=0.09954 serr=0.79244 act=1035810 obj=80686.35637 diff=0.15152
iter=11 terr=0.08543 serr=0.75400 act=1035810 obj=71468.52743 diff=0.11424
iter=12 terr=0.08436 serr=0.77900 act=1035810 obj=68855.16935 diff=0.03657
iter=13 terr=0.07248 serr=0.69189 act=1035810 obj=62732.19869 diff=0.08893
iter=14 terr=0.07135 serr=0.68733 act=1035810 obj=61251.91882 diff=0.02360
iter=15 terr=0.06688 serr=0.67111 act=1035810 obj=57928.74907 diff=0.05425
iter=16 terr=0.06319 serr=0.66667 act=1035810 obj=55199.11080 diff=0.04712
iter=17 terr=0.05857 serr=0.62889 act=1035810 obj=51915.19465 diff=0.05949
iter=18 terr=0.05452 serr=0.59756 act=1035810 obj=49621.63878 diff=0.04418
iter=19 terr=0.05134 serr=0.57589 act=1035810 obj=47549.08435 diff=0.04177
iter=20 terr=0.04976 serr=0.56933 act=1035810 obj=45919.60504 diff=0.03427
iter=21 terr=0.04539 serr=0.54022 act=1035810 obj=44376.24355 diff=0.03361
iter=22 terr=0.04432 serr=0.53200 act=1035810 obj=43116.87112 diff=0.02838
iter=23 terr=0.04106 serr=0.50578 act=1035810 obj=41899.69520 diff=0.02823
iter=24 terr=0.03766 serr=0.48178 act=1035810 obj=40623.77790 diff=0.03045
iter=25 terr=0.03564 serr=0.46700 act=1035810 obj=40396.62113 diff=0.00559
iter=26 terr=0.03586 serr=0.46556 act=1035810 obj=39943.80332 diff=0.01121
iter=27 terr=0.03427 serr=0.45167 act=1035810 obj=39376.96590 diff=0.01419
iter=28 terr=0.03161 serr=0.42844 act=1035810 obj=38696.17830 diff=0.01729
iter=29 terr=0.03114 serr=0.42456 act=1035810 obj=38140.33406 diff=0.01436
iter=30 terr=0.03057 serr=0.42122 act=1035810 obj=37693.72886 diff=0.01171
iter=31 terr=0.02761 serr=0.39533 act=1035810 obj=36926.62393 diff=0.02035
iter=32 terr=0.02689 serr=0.39144 act=1035810 obj=36502.66235 diff=0.01148
iter=33 terr=0.02658 serr=0.38611 act=1035810 obj=36209.46845 diff=0.00803
iter=34 terr=0.02506 serr=0.36789 act=1035810 obj=35917.70041 diff=0.00806
iter=35 terr=0.02437 serr=0.36078 act=1035810 obj=35617.74876 diff=0.00835
iter=36 terr=0.02321 serr=0.34800 act=1035810 obj=35320.88169 diff=0.00833
iter=37 terr=0.02185 serr=0.33289 act=1035810 obj=34984.27240 diff=0.00953
iter=38 terr=0.02050 serr=0.31989 act=1035810 obj=34702.68574 diff=0.00805
iter=39 terr=0.01917 serr=0.30600 act=1035810 obj=34474.95991 diff=0.00656
iter=40 terr=0.01948 serr=0.30989 act=1035810 obj=34351.10761 diff=0.00359
iter=41 terr=0.01910 serr=0.30600 act=1035810 obj=34190.25971 diff=0.00468
iter=42 terr=0.01963 serr=0.31533 act=1035810 obj=34227.35747 diff=0.00109
iter=43 terr=0.01915 serr=0.30889 act=1035810 obj=34127.53773 diff=0.00292
iter=44 terr=0.01873 serr=0.30256 act=1035810 obj=34039.22481 diff=0.00259
iter=45 terr=0.01800 serr=0.29289 act=1035810 obj=33926.90942 diff=0.00330
iter=46 terr=0.01732 serr=0.28367 act=1035810 obj=33844.17057 diff=0.00244
iter=47 terr=0.01642 serr=0.27178 act=1035810 obj=33775.95455 diff=0.00202
iter=48 terr=0.01647 serr=0.27178 act=1035810 obj=33705.94345 diff=0.00207
iter=49 terr=0.01680 serr=0.27456 act=1035810 obj=33660.39039 diff=0.00135
iter=50 terr=0.01671 serr=0.27244 act=1035810 obj=33605.89416 diff=0.00162
iter=51 terr=0.01668 serr=0.27222 act=1035810 obj=33561.45906 diff=0.00132
iter=52 terr=0.01681 serr=0.27433 act=1035810 obj=33536.70549 diff=0.00074
iter=53 terr=0.01655 serr=0.27144 act=1035810 obj=33520.30489 diff=0.00049
iter=54 terr=0.01630 serr=0.26933 act=1035810 obj=33500.94595 diff=0.00058
iter=55 terr=0.01609 serr=0.26711 act=1035810 obj=33479.51822 diff=0.00064
iter=56 terr=0.01586 serr=0.26333 act=1035810 obj=33449.90725 diff=0.00088
iter=57 terr=0.01560 serr=0.25967 act=1035810 obj=33484.22673 diff=0.00103
iter=58 terr=0.01575 serr=0.26167 act=1035810 obj=33439.44233 diff=0.00134
iter=59 terr=0.01578 serr=0.26211 act=1035810 obj=33424.19500 diff=0.00046
iter=60 terr=0.01581 serr=0.26233 act=1035810 obj=33415.62202 diff=0.00026
iter=61 terr=0.01601 serr=0.26522 act=1035810 obj=33406.86023 diff=0.00026
iter=62 terr=0.01600 serr=0.26467 act=1035810 obj=33397.21403 diff=0.00029
iter=63 terr=0.01599 serr=0.26433 act=1035810 obj=33386.99453 diff=0.00031
iter=64 terr=0.01596 serr=0.26422 act=1035810 obj=33380.67359 diff=0.00019
iter=65 terr=0.01589 serr=0.26300 act=1035810 obj=33367.81431 diff=0.00039
iter=66 terr=0.01612 serr=0.26689 act=1035810 obj=33370.89641 diff=0.00009
iter=67 terr=0.01600 serr=0.26422 act=1035810 obj=33362.47960 diff=0.00025
iter=68 terr=0.01601 serr=0.26467 act=1035810 obj=33359.68376 diff=0.00008
iter=69 terr=0.01597 serr=0.26378 act=1035810 obj=33356.27301 diff=0.00010
iter=70 terr=0.01608 serr=0.26611 act=1035810 obj=33354.41928 diff=0.00006
iter=71 terr=0.01609 serr=0.26633 act=1035810 obj=33350.72041 diff=0.00011
iter=72 terr=0.01603 serr=0.26544 act=1035810 obj=33348.38877 diff=0.00007
iter=73 terr=0.01603 serr=0.26544 act=1035810 obj=33347.29484 diff=0.00003
iter=74 terr=0.01608 serr=0.26622 act=1035810 obj=33344.24309 diff=0.00009

Done!575.62 s


 Finished training for ./t9/train9.nopipe.col!
CRF++: Yet Another CRF Tool Kit
Copyright (C) 2005-2013 Taku Kudo, All rights reserved.

reading training data: 100.. 200.. 300.. 400.. 500.. 600.. 700.. 800.. 900.. 1000.. 1100.. 1200.. 1300.. 1400.. 1500.. 1600.. 1700.. 1800.. 1900.. 2000.. 2100.. 2200.. 2300.. 2400.. 2500.. 2600.. 2700.. 2800.. 2900.. 3000.. 3100.. 3200.. 3300.. 3400.. 3500.. 3600.. 3700.. 3800.. 3900.. 4000.. 4100.. 4200.. 4300.. 4400.. 4500.. 4600.. 4700.. 4800.. 4900.. 5000.. 5100.. 5200.. 5300.. 5400.. 5500.. 5600.. 5700.. 5800.. 5900.. 6000.. 6100.. 6200.. 6300.. 6400.. 6500.. 6600.. 6700.. 6800.. 6900.. 7000.. 7100.. 7200.. 7300.. 7400.. 7500.. 7600.. 7700.. 7800.. 7900.. 8000.. 8100.. 8200.. 8300.. 8400.. 8500.. 8600.. 8700.. 8800.. 8900.. 9000.. 9100.. 9200.. 9300.. 9400.. 9500.. 9600.. 9700.. 9800.. 9900.. 10000.. 
Done!2.39 s

Number of sentences: 10000
Number of features:  1100085
Number of thread(s): 8
Freq:                1
eta:                 0.00010
C:                   1.00000
shrinking size:      20
iter=0 terr=0.99871 serr=1.00000 act=1100085 obj=589361.08942 diff=1.00000
iter=1 terr=0.28146 serr=0.99080 act=1100085 obj=556338.44205 diff=0.05603
iter=2 terr=0.28147 serr=0.99080 act=1100085 obj=458730.72668 diff=0.17545
iter=3 terr=0.26514 serr=0.98750 act=1100085 obj=318180.79735 diff=0.30639
iter=4 terr=0.24431 serr=0.98260 act=1100085 obj=225264.07699 diff=0.29202
iter=5 terr=0.19566 serr=0.95070 act=1100085 obj=181017.63668 diff=0.19642
iter=6 terr=0.17295 serr=0.92740 act=1100085 obj=158921.89273 diff=0.12206
iter=7 terr=0.16265 serr=0.95470 act=1100085 obj=133101.74784 diff=0.16247
iter=8 terr=0.13165 serr=0.87810 act=1100085 obj=112263.32132 diff=0.15656
iter=9 terr=0.12283 serr=0.85210 act=1100085 obj=106353.56042 diff=0.05264
iter=10 terr=0.10043 serr=0.79300 act=1100085 obj=91240.95598 diff=0.14210
iter=11 terr=0.09176 serr=0.78050 act=1100085 obj=85369.49054 diff=0.06435
iter=12 terr=0.08403 serr=0.74120 act=1100085 obj=78149.31949 diff=0.08458
iter=13 terr=0.07648 serr=0.70270 act=1100085 obj=73366.82086 diff=0.06120
iter=14 terr=0.07302 serr=0.68880 act=1100085 obj=70144.47769 diff=0.04392
iter=15 terr=0.06769 serr=0.67430 act=1100085 obj=64601.16673 diff=0.07903
iter=16 terr=0.06220 serr=0.64580 act=1100085 obj=61471.89325 diff=0.04844
iter=17 terr=0.05977 serr=0.63250 act=1100085 obj=58554.09900 diff=0.04747
iter=18 terr=0.05498 serr=0.60220 act=1100085 obj=54849.55572 diff=0.06327
iter=19 terr=0.05130 serr=0.58220 act=1100085 obj=51660.63272 diff=0.05814
iter=20 terr=0.04685 serr=0.54970 act=1100085 obj=49204.32779 diff=0.04755
iter=21 terr=0.04435 serr=0.52860 act=1100085 obj=48565.64152 diff=0.01298
iter=22 terr=0.04440 serr=0.52810 act=1100085 obj=47631.71037 diff=0.01923
iter=23 terr=0.04380 serr=0.52590 act=1100085 obj=46958.68693 diff=0.01413
iter=24 terr=0.04226 serr=0.51400 act=1100085 obj=46008.63338 diff=0.02023
iter=25 terr=0.03908 serr=0.49090 act=1100085 obj=44617.89833 diff=0.03023
iter=26 terr=0.03643 serr=0.47780 act=1100085 obj=43972.27544 diff=0.01447
iter=27 terr=0.03494 serr=0.45910 act=1100085 obj=42687.30537 diff=0.02922
iter=28 terr=0.03327 serr=0.44310 act=1100085 obj=41989.80468 diff=0.01634
iter=29 terr=0.03205 serr=0.43460 act=1100085 obj=41312.01686 diff=0.01614
iter=30 terr=0.03016 serr=0.42670 act=1100085 obj=42270.27636 diff=0.02320
iter=31 terr=0.03006 serr=0.41480 act=1100085 obj=40823.79888 diff=0.03422
iter=32 terr=0.02919 serr=0.40930 act=1100085 obj=40273.47838 diff=0.01348
iter=33 terr=0.02786 serr=0.39630 act=1100085 obj=39658.90682 diff=0.01526
iter=34 terr=0.02559 serr=0.37490 act=1100085 obj=39027.41422 diff=0.01592
iter=35 terr=0.02424 serr=0.35850 act=1100085 obj=38637.15044 diff=0.01000
iter=36 terr=0.02421 serr=0.35830 act=1100085 obj=38343.82516 diff=0.00759
iter=37 terr=0.02321 serr=0.34560 act=1100085 obj=38056.16594 diff=0.00750
iter=38 terr=0.02327 serr=0.34740 act=1100085 obj=37846.88974 diff=0.00550
iter=39 terr=0.02253 serr=0.34040 act=1100085 obj=37660.33487 diff=0.00493
iter=40 terr=0.02111 serr=0.32530 act=1100085 obj=37369.43009 diff=0.00772
iter=41 terr=0.02012 serr=0.31550 act=1100085 obj=37181.31408 diff=0.00503
iter=42 terr=0.01890 serr=0.30290 act=1100085 obj=37010.97814 diff=0.00458
iter=43 terr=0.01847 serr=0.29810 act=1100085 obj=36865.24411 diff=0.00394
iter=44 terr=0.01852 serr=0.29860 act=1100085 obj=36766.82004 diff=0.00267
iter=45 terr=0.01831 serr=0.29500 act=1100085 obj=36627.76093 diff=0.00378
iter=46 terr=0.01863 serr=0.29950 act=1100085 obj=36604.02138 diff=0.00065
iter=47 terr=0.01786 serr=0.28860 act=1100085 obj=36459.79423 diff=0.00394
iter=48 terr=0.01781 serr=0.28770 act=1100085 obj=36426.77245 diff=0.00091
iter=49 terr=0.01737 serr=0.28290 act=1100085 obj=36362.97566 diff=0.00175
iter=50 terr=0.01747 serr=0.28580 act=1100085 obj=36309.60599 diff=0.00147
iter=51 terr=0.01684 serr=0.27740 act=1100085 obj=36252.11466 diff=0.00158
iter=52 terr=0.01663 serr=0.27430 act=1100085 obj=36219.20668 diff=0.00091
iter=53 terr=0.01636 serr=0.27010 act=1100085 obj=36192.29972 diff=0.00074
iter=54 terr=0.01625 serr=0.27040 act=1100085 obj=36169.08196 diff=0.00064
iter=55 terr=0.01598 serr=0.26600 act=1100085 obj=36122.39418 diff=0.00129
iter=56 terr=0.01602 serr=0.26590 act=1100085 obj=36107.42848 diff=0.00041
iter=57 terr=0.01602 serr=0.26570 act=1100085 obj=36080.56889 diff=0.00074
iter=58 terr=0.01599 serr=0.26540 act=1100085 obj=36052.20717 diff=0.00079
iter=59 terr=0.01549 serr=0.25790 act=1100085 obj=36049.94807 diff=0.00006
iter=60 terr=0.01571 serr=0.26050 act=1100085 obj=36037.54767 diff=0.00034
iter=61 terr=0.01571 serr=0.26140 act=1100085 obj=36023.30743 diff=0.00040
iter=62 terr=0.01554 serr=0.25900 act=1100085 obj=36013.31066 diff=0.00028
iter=63 terr=0.01567 serr=0.26180 act=1100085 obj=36004.71292 diff=0.00024
iter=64 terr=0.01565 serr=0.26150 act=1100085 obj=35998.15984 diff=0.00018
iter=65 terr=0.01558 serr=0.26050 act=1100085 obj=35987.94788 diff=0.00028
iter=66 terr=0.01559 serr=0.26010 act=1100085 obj=35980.56350 diff=0.00021
iter=67 terr=0.01563 serr=0.25990 act=1100085 obj=35964.35152 diff=0.00045
iter=68 terr=0.01645 serr=0.27210 act=1100085 obj=35997.98661 diff=0.00094
iter=69 terr=0.01578 serr=0.26150 act=1100085 obj=35960.71682 diff=0.00104
iter=70 terr=0.01587 serr=0.26360 act=1100085 obj=35956.30823 diff=0.00012
iter=71 terr=0.01590 serr=0.26480 act=1100085 obj=35951.86190 diff=0.00012
iter=72 terr=0.01586 serr=0.26400 act=1100085 obj=35948.53324 diff=0.00009
iter=73 terr=0.01589 serr=0.26510 act=1100085 obj=35944.67461 diff=0.00011
iter=74 terr=0.01588 serr=0.26440 act=1100085 obj=35943.31690 diff=0.00004
iter=75 terr=0.01593 serr=0.26580 act=1100085 obj=35940.14097 diff=0.00009
iter=76 terr=0.01601 serr=0.26620 act=1100085 obj=35939.62811 diff=0.00001

Done!654.66 s


 Finished training for ./t10/train10.nopipe.col!
